TN:
SF:modules\addTodo.js
FN:3,(anonymous_0)
FNF:1
FNH:1
FNDA:6,(anonymous_0)
DA:3,1
DA:4,6
DA:11,6
DA:12,6
LF:4
LH:4
BRF:0
BRH:0
end_of_record
TN:
SF:modules\create.js
FN:4,(anonymous_0)
FN:14,(anonymous_1)
FN:21,(anonymous_2)
FN:26,(anonymous_3)
FN:44,(anonymous_4)
FN:59,(anonymous_5)
FN:69,(anonymous_6)
FNF:7
FNH:1
FNDA:6,(anonymous_0)
FNDA:0,(anonymous_1)
FNDA:0,(anonymous_2)
FNDA:0,(anonymous_3)
FNDA:0,(anonymous_4)
FNDA:0,(anonymous_5)
FNDA:0,(anonymous_6)
DA:4,1
DA:5,6
DA:6,6
DA:7,6
DA:8,6
DA:9,6
DA:11,6
DA:12,6
DA:14,6
DA:15,0
DA:16,0
DA:17,0
DA:18,0
DA:21,6
DA:22,0
DA:23,0
DA:26,6
DA:27,0
DA:28,0
DA:29,0
DA:30,0
DA:31,0
DA:33,0
DA:37,6
DA:38,6
DA:39,6
DA:40,6
DA:41,6
DA:42,6
DA:43,6
DA:44,6
DA:45,0
DA:47,6
DA:48,6
DA:49,6
DA:51,6
DA:52,6
DA:53,6
DA:54,6
DA:55,6
DA:56,6
DA:57,6
DA:59,6
DA:60,0
DA:61,0
DA:62,0
DA:64,0
DA:67,6
DA:69,6
DA:70,0
DA:71,0
DA:72,0
DA:74,0
LF:53
LH:32
BRDA:30,0,0,0
BRDA:30,0,1,0
BRDA:49,1,0,6
BRDA:49,1,1,0
BRDA:61,2,0,0
BRDA:61,2,1,0
BRDA:61,3,0,0
BRDA:61,3,1,0
BRDA:71,4,0,0
BRDA:71,4,1,0
BRF:10
BRH:1
end_of_record
TN:
SF:modules\crud.js
FN:2,(anonymous_0)
FN:3,(anonymous_1)
FN:9,(anonymous_2)
FN:10,(anonymous_3)
FN:18,(anonymous_4)
FN:31,(anonymous_5)
FN:39,(anonymous_6)
FNF:7
FNH:2
FNDA:0,(anonymous_0)
FNDA:0,(anonymous_1)
FNDA:2,(anonymous_2)
FNDA:5,(anonymous_3)
FNDA:0,(anonymous_4)
FNDA:0,(anonymous_5)
FNDA:0,(anonymous_6)
DA:2,1
DA:3,0
DA:4,0
DA:9,1
DA:10,5
DA:11,2
DA:12,2
DA:13,1
DA:18,1
DA:26,0
DA:27,0
DA:28,0
DA:29,0
DA:30,0
DA:31,0
DA:32,0
DA:33,0
DA:34,0
DA:35,0
DA:36,0
DA:37,0
DA:38,0
DA:39,0
DA:40,0
DA:41,0
DA:42,0
DA:43,0
DA:44,0
DA:45,0
DA:46,0
DA:47,0
DA:51,0
LF:32
LH:7
BRDA:12,0,0,1
BRDA:12,0,1,1
BRDA:33,1,0,0
BRDA:33,1,1,0
BRDA:35,2,0,0
BRDA:35,2,1,0
BRF:6
BRH:2
end_of_record
TN:
SF:modules\crud2.js
FN:2,(anonymous_0)
FN:3,(anonymous_1)
FN:9,(anonymous_2)
FN:10,(anonymous_3)
FN:15,(anonymous_4)
FN:23,(anonymous_5)
FN:36,(anonymous_6)
FN:41,(anonymous_7)
FNF:8
FNH:1
FNDA:0,(anonymous_0)
FNDA:0,(anonymous_1)
FNDA:0,(anonymous_2)
FNDA:0,(anonymous_3)
FNDA:0,(anonymous_4)
FNDA:1,(anonymous_5)
FNDA:0,(anonymous_6)
FNDA:0,(anonymous_7)
DA:2,1
DA:3,0
DA:4,0
DA:9,1
DA:10,0
DA:11,0
DA:12,0
DA:14,0
DA:15,0
DA:16,0
DA:17,0
DA:23,1
DA:24,1
DA:25,1
DA:26,1
DA:27,1
DA:29,0
DA:30,0
DA:36,1
DA:37,0
DA:40,0
DA:42,0
DA:43,0
DA:44,0
DA:45,0
DA:47,0
LF:26
LH:8
BRDA:16,0,0,0
BRDA:16,0,1,0
BRDA:25,1,0,1
BRDA:25,1,1,0
BRDA:44,2,0,0
BRDA:44,2,1,0
BRDA:44,3,0,0
BRDA:44,3,1,0
BRF:8
BRH:1
end_of_record
